2023-12-08 07:13:07,231 p=1677 u=ubuntu n=ansible | PLAY [Generate artifact, copy artifact & sql file to files directory] ********************************************************************************************************************************************
2023-12-08 07:13:07,255 p=1677 u=ubuntu n=ansible | TASK [Gathering Facts] *******************************************************************************************************************************************************************************************
2023-12-08 07:13:09,816 p=1677 u=ubuntu n=ansible | ok: [localhost]
2023-12-08 07:13:09,846 p=1677 u=ubuntu n=ansible | TASK [Install  jdk, maven, git] **********************************************************************************************************************************************************************************
2023-12-08 07:13:20,263 p=1677 u=ubuntu n=ansible | ok: [localhost] => (item=git)
2023-12-08 07:13:24,357 p=1677 u=ubuntu n=ansible | failed: [localhost] (item=openjdk-8-jdk) => {"ansible_loop_var": "item", "cache_update_time": 1702019602, "cache_updated": true, "changed": false, "item": "openjdk-8-jdk", "msg": "'/usr/bin/apt-get -y -o \"Dpkg::Options::=--force-confdef\" -o \"Dpkg::Options::=--force-confold\"       install 'openjdk-8-jdk=8u392-ga-1~20.04'' failed: E: Could not get lock /var/lib/dpkg/lock-frontend. It is held by process 1665 (unattended-upgr)\nE: Unable to acquire the dpkg frontend lock (/var/lib/dpkg/lock-frontend), is another process using it?\n", "rc": 100, "stderr": "E: Could not get lock /var/lib/dpkg/lock-frontend. It is held by process 1665 (unattended-upgr)\nE: Unable to acquire the dpkg frontend lock (/var/lib/dpkg/lock-frontend), is another process using it?\n", "stderr_lines": ["E: Could not get lock /var/lib/dpkg/lock-frontend. It is held by process 1665 (unattended-upgr)", "E: Unable to acquire the dpkg frontend lock (/var/lib/dpkg/lock-frontend), is another process using it?"], "stdout": "", "stdout_lines": []}
2023-12-08 07:13:28,895 p=1677 u=ubuntu n=ansible | failed: [localhost] (item=maven) => {"ansible_loop_var": "item", "cache_update_time": 1702019606, "cache_updated": true, "changed": false, "item": "maven", "msg": "'/usr/bin/apt-get -y -o \"Dpkg::Options::=--force-confdef\" -o \"Dpkg::Options::=--force-confold\"       install 'maven=3.6.3-1'' failed: E: Could not get lock /var/lib/dpkg/lock-frontend. It is held by process 1665 (unattended-upgr)\nE: Unable to acquire the dpkg frontend lock (/var/lib/dpkg/lock-frontend), is another process using it?\n", "rc": 100, "stderr": "E: Could not get lock /var/lib/dpkg/lock-frontend. It is held by process 1665 (unattended-upgr)\nE: Unable to acquire the dpkg frontend lock (/var/lib/dpkg/lock-frontend), is another process using it?\n", "stderr_lines": ["E: Could not get lock /var/lib/dpkg/lock-frontend. It is held by process 1665 (unattended-upgr)", "E: Unable to acquire the dpkg frontend lock (/var/lib/dpkg/lock-frontend), is another process using it?"], "stdout": "", "stdout_lines": []}
2023-12-08 07:13:28,909 p=1677 u=ubuntu n=ansible | PLAY RECAP *******************************************************************************************************************************************************************************************************
2023-12-08 07:13:28,909 p=1677 u=ubuntu n=ansible | localhost                  : ok=1    changed=0    unreachable=0    failed=1    skipped=0    rescued=0    ignored=0   
2023-12-08 07:22:21,693 p=17975 u=ubuntu n=ansible | PLAY [Generate artifact, copy artifact & sql file to files directory] ********************************************************************************************************************************************
2023-12-08 07:22:21,712 p=17975 u=ubuntu n=ansible | TASK [Gathering Facts] *******************************************************************************************************************************************************************************************
2023-12-08 07:22:23,111 p=17975 u=ubuntu n=ansible | ok: [localhost]
2023-12-08 07:22:23,127 p=17975 u=ubuntu n=ansible | TASK [Install  jdk, maven, git] **********************************************************************************************************************************************************************************
2023-12-08 07:22:26,034 p=17975 u=ubuntu n=ansible | ok: [localhost] => (item=git)
2023-12-08 07:23:06,885 p=17975 u=ubuntu n=ansible | changed: [localhost] => (item=openjdk-8-jdk)
2023-12-08 07:23:18,111 p=17975 u=ubuntu n=ansible | changed: [localhost] => (item=maven)
2023-12-08 07:23:18,126 p=17975 u=ubuntu n=ansible | TASK [Clone source code from github] *****************************************************************************************************************************************************************************
2023-12-08 07:23:23,531 p=17975 u=ubuntu n=ansible | changed: [localhost]
2023-12-08 07:23:23,545 p=17975 u=ubuntu n=ansible | TASK [mvn install command to build artifact] *********************************************************************************************************************************************************************
2023-12-08 07:24:09,660 p=17975 u=ubuntu n=ansible | changed: [localhost]
2023-12-08 07:24:09,685 p=17975 u=ubuntu n=ansible | TASK [Copy artifacts to files directory] *************************************************************************************************************************************************************************
2023-12-08 07:24:10,956 p=17975 u=ubuntu n=ansible | changed: [localhost] => (item=/home/ubuntu/ansible-aws-vpc/provision-stack/Vprofile-repo/target/vprofile-v2.war)
2023-12-08 07:24:10,966 p=17975 u=ubuntu n=ansible | TASK [Copy SQL file to files directory] **************************************************************************************************************************************************************************
2023-12-08 07:24:11,406 p=17975 u=ubuntu n=ansible | changed: [localhost]
2023-12-08 07:24:11,421 p=17975 u=ubuntu n=ansible | PLAY RECAP *******************************************************************************************************************************************************************************************************
2023-12-08 07:24:11,422 p=17975 u=ubuntu n=ansible | localhost                  : ok=6    changed=5    unreachable=0    failed=0    skipped=0    rescued=0    ignored=0   
2023-12-08 07:25:30,541 p=23189 u=ubuntu n=ansible | PLAY [Set host to ip mapping in /etc/hosts file of all the instances in the stack] *******************************************************************************************************************************
2023-12-08 07:25:30,560 p=23189 u=ubuntu n=ansible | TASK [Gathering Facts] *******************************************************************************************************************************************************************************************
2023-12-08 07:25:32,290 p=23189 u=ubuntu n=ansible | ok: [web01]
2023-12-08 07:25:32,625 p=23189 u=ubuntu n=ansible | ok: [cntl]
2023-12-08 07:25:33,861 p=23189 u=ubuntu n=ansible | ok: [rmq01]
2023-12-08 07:25:34,510 p=23189 u=ubuntu n=ansible | ok: [mc01]
2023-12-08 07:25:34,565 p=23189 u=ubuntu n=ansible | ok: [app01]
2023-12-08 07:25:35,109 p=23189 u=ubuntu n=ansible | ok: [db01]
2023-12-08 07:25:35,126 p=23189 u=ubuntu n=ansible | TASK [Import VPC setup Variable] *********************************************************************************************************************************************************************************
2023-12-08 07:25:35,179 p=23189 u=ubuntu n=ansible | ok: [cntl]
2023-12-08 07:25:35,203 p=23189 u=ubuntu n=ansible | ok: [web01]
2023-12-08 07:25:35,224 p=23189 u=ubuntu n=ansible | ok: [app01]
2023-12-08 07:25:35,248 p=23189 u=ubuntu n=ansible | ok: [rmq01]
2023-12-08 07:25:35,249 p=23189 u=ubuntu n=ansible | ok: [mc01]
2023-12-08 07:25:35,258 p=23189 u=ubuntu n=ansible | ok: [db01]
2023-12-08 07:25:35,268 p=23189 u=ubuntu n=ansible | TASK [Update hosts file for all the hosts] ***********************************************************************************************************************************************************************
2023-12-08 07:25:36,103 p=23189 u=ubuntu n=ansible | changed: [web01]
2023-12-08 07:25:36,107 p=23189 u=ubuntu n=ansible | changed: [app01]
2023-12-08 07:25:36,107 p=23189 u=ubuntu n=ansible | changed: [mc01]
2023-12-08 07:25:36,107 p=23189 u=ubuntu n=ansible | changed: [rmq01]
2023-12-08 07:25:36,160 p=23189 u=ubuntu n=ansible | changed: [cntl]
2023-12-08 07:25:36,442 p=23189 u=ubuntu n=ansible | changed: [db01]
2023-12-08 07:25:36,459 p=23189 u=ubuntu n=ansible | PLAY RECAP *******************************************************************************************************************************************************************************************************
2023-12-08 07:25:36,460 p=23189 u=ubuntu n=ansible | app01                      : ok=3    changed=1    unreachable=0    failed=0    skipped=0    rescued=0    ignored=0   
2023-12-08 07:25:36,460 p=23189 u=ubuntu n=ansible | cntl                       : ok=3    changed=1    unreachable=0    failed=0    skipped=0    rescued=0    ignored=0   
2023-12-08 07:25:36,460 p=23189 u=ubuntu n=ansible | db01                       : ok=3    changed=1    unreachable=0    failed=0    skipped=0    rescued=0    ignored=0   
2023-12-08 07:25:36,460 p=23189 u=ubuntu n=ansible | mc01                       : ok=3    changed=1    unreachable=0    failed=0    skipped=0    rescued=0    ignored=0   
2023-12-08 07:25:36,461 p=23189 u=ubuntu n=ansible | rmq01                      : ok=3    changed=1    unreachable=0    failed=0    skipped=0    rescued=0    ignored=0   
2023-12-08 07:25:36,461 p=23189 u=ubuntu n=ansible | web01                      : ok=3    changed=1    unreachable=0    failed=0    skipped=0    rescued=0    ignored=0   
2023-12-08 08:16:19,945 p=23669 u=ubuntu n=ansible | PLAY [Generate artifact, copy artifact & sql file to files directory] ********************************************************************************************************************************************
2023-12-08 08:16:19,954 p=23669 u=ubuntu n=ansible | TASK [Gathering Facts] *******************************************************************************************************************************************************************************************
2023-12-08 08:16:21,287 p=23669 u=ubuntu n=ansible | ok: [localhost]
2023-12-08 08:16:21,303 p=23669 u=ubuntu n=ansible | TASK [Install  jdk, maven, git] **********************************************************************************************************************************************************************************
2023-12-08 08:16:28,243 p=23669 u=ubuntu n=ansible | ok: [localhost] => (item=git)
2023-12-08 08:16:30,937 p=23669 u=ubuntu n=ansible | ok: [localhost] => (item=openjdk-8-jdk)
2023-12-08 08:16:33,436 p=23669 u=ubuntu n=ansible | ok: [localhost] => (item=maven)
2023-12-08 08:16:33,449 p=23669 u=ubuntu n=ansible | TASK [Clone source code from github] *****************************************************************************************************************************************************************************
2023-12-08 08:16:34,596 p=23669 u=ubuntu n=ansible | ok: [localhost]
2023-12-08 08:16:34,607 p=23669 u=ubuntu n=ansible | TASK [mvn install command to build artifact] *********************************************************************************************************************************************************************
2023-12-08 08:16:34,622 p=23669 u=ubuntu n=ansible | skipping: [localhost]
2023-12-08 08:16:34,633 p=23669 u=ubuntu n=ansible | TASK [Copy artifacts to files directory] *************************************************************************************************************************************************************************
2023-12-08 08:16:36,628 p=23669 u=ubuntu n=ansible | ok: [localhost] => (item=/home/ubuntu/ansible-aws-vpc/provision-stack/Vprofile-repo/target/vprofile-v2.war)
2023-12-08 08:16:36,638 p=23669 u=ubuntu n=ansible | TASK [Copy SQL file to files directory] **************************************************************************************************************************************************************************
2023-12-08 08:16:37,115 p=23669 u=ubuntu n=ansible | ok: [localhost]
2023-12-08 08:16:37,132 p=23669 u=ubuntu n=ansible | PLAY [Set host to ip mapping in /etc/hosts file of all the instances in the stack] *******************************************************************************************************************************
2023-12-08 08:16:37,136 p=23669 u=ubuntu n=ansible | TASK [Gathering Facts] *******************************************************************************************************************************************************************************************
2023-12-08 08:16:38,838 p=23669 u=ubuntu n=ansible | ok: [cntl]
2023-12-08 08:16:39,072 p=23669 u=ubuntu n=ansible | ok: [web01]
2023-12-08 08:16:39,082 p=23669 u=ubuntu n=ansible | ok: [app01]
2023-12-08 08:16:39,106 p=23669 u=ubuntu n=ansible | ok: [rmq01]
2023-12-08 08:16:39,113 p=23669 u=ubuntu n=ansible | ok: [mc01]
2023-12-08 08:16:40,354 p=23669 u=ubuntu n=ansible | ok: [db01]
2023-12-08 08:16:40,372 p=23669 u=ubuntu n=ansible | TASK [Import VPC setup Variable] *********************************************************************************************************************************************************************************
2023-12-08 08:16:40,421 p=23669 u=ubuntu n=ansible | ok: [cntl]
2023-12-08 08:16:40,448 p=23669 u=ubuntu n=ansible | ok: [web01]
2023-12-08 08:16:40,493 p=23669 u=ubuntu n=ansible | ok: [app01]
2023-12-08 08:16:40,519 p=23669 u=ubuntu n=ansible | ok: [rmq01]
2023-12-08 08:16:40,520 p=23669 u=ubuntu n=ansible | ok: [mc01]
2023-12-08 08:16:40,529 p=23669 u=ubuntu n=ansible | ok: [db01]
2023-12-08 08:16:40,539 p=23669 u=ubuntu n=ansible | TASK [Update hosts file for all the hosts] ***********************************************************************************************************************************************************************
2023-12-08 08:16:41,403 p=23669 u=ubuntu n=ansible | ok: [rmq01]
2023-12-08 08:16:41,404 p=23669 u=ubuntu n=ansible | ok: [app01]
2023-12-08 08:16:41,404 p=23669 u=ubuntu n=ansible | ok: [mc01]
2023-12-08 08:16:41,404 p=23669 u=ubuntu n=ansible | ok: [web01]
2023-12-08 08:16:41,476 p=23669 u=ubuntu n=ansible | ok: [cntl]
2023-12-08 08:16:41,729 p=23669 u=ubuntu n=ansible | ok: [db01]
2023-12-08 08:16:41,746 p=23669 u=ubuntu n=ansible | PLAY [Setup Mysql with accounts db and remote login] *************************************************************************************************************************************************************
2023-12-08 08:16:41,762 p=23669 u=ubuntu n=ansible | TASK [Installing Mysql Service and dependencies] *****************************************************************************************************************************************************************
2023-12-08 08:17:28,303 p=23669 u=ubuntu n=ansible | changed: [db01] => (item=mysql-server)
2023-12-08 08:17:32,388 p=23669 u=ubuntu n=ansible | changed: [db01] => (item=mysql-client)
2023-12-08 08:17:39,837 p=23669 u=ubuntu n=ansible | changed: [db01] => (item=python-mysqldb)
2023-12-08 08:17:43,462 p=23669 u=ubuntu n=ansible | changed: [db01] => (item=python3-mysqldb)
2023-12-08 08:17:57,310 p=23669 u=ubuntu n=ansible | changed: [db01] => (item=libmysqlclient-dev)
2023-12-08 08:17:57,323 p=23669 u=ubuntu n=ansible | TASK [Start and enable mysql service] ****************************************************************************************************************************************************************************
2023-12-08 08:17:58,148 p=23669 u=ubuntu n=ansible | ok: [db01]
2023-12-08 08:17:58,159 p=23669 u=ubuntu n=ansible | TASK [creating mysql user] ***************************************************************************************************************************************************************************************
2023-12-08 08:17:58,708 p=23669 u=ubuntu n=ansible | changed: [db01]
2023-12-08 08:17:58,718 p=23669 u=ubuntu n=ansible | TASK [Creating accounts DB] **************************************************************************************************************************************************************************************
2023-12-08 08:17:59,226 p=23669 u=ubuntu n=ansible | changed: [db01]
2023-12-08 08:17:59,237 p=23669 u=ubuntu n=ansible | TASK [Enable remote login to mysql svc] **************************************************************************************************************************************************************************
2023-12-08 08:17:59,715 p=23669 u=ubuntu n=ansible | changed: [db01]
2023-12-08 08:17:59,725 p=23669 u=ubuntu n=ansible | RUNNING HANDLER [Restart mysql] **********************************************************************************************************************************************************************************
2023-12-08 08:18:02,052 p=23669 u=ubuntu n=ansible | changed: [db01]
2023-12-08 08:18:02,064 p=23669 u=ubuntu n=ansible | PLAY [Deploy SQL file on accounts db] ****************************************************************************************************************************************************************************
2023-12-08 08:18:02,080 p=23669 u=ubuntu n=ansible | TASK [Copy SQL to dbsrv] *****************************************************************************************************************************************************************************************
2023-12-08 08:18:02,830 p=23669 u=ubuntu n=ansible | changed: [db01]
2023-12-08 08:18:02,840 p=23669 u=ubuntu n=ansible | TASK [Restoring DB] **********************************************************************************************************************************************************************************************
2023-12-08 08:18:03,305 p=23669 u=ubuntu n=ansible | changed: [db01]
2023-12-08 08:18:03,315 p=23669 u=ubuntu n=ansible | RUNNING HANDLER [Restart mysql] **********************************************************************************************************************************************************************************
2023-12-08 08:18:05,899 p=23669 u=ubuntu n=ansible | changed: [db01]
2023-12-08 08:18:05,920 p=23669 u=ubuntu n=ansible | PLAY [Install Memcache, Start & enable SVC] **********************************************************************************************************************************************************************
2023-12-08 08:18:05,935 p=23669 u=ubuntu n=ansible | TASK [Install Memcache] ******************************************************************************************************************************************************************************************
2023-12-08 08:18:27,956 p=23669 u=ubuntu n=ansible | changed: [mc01]
2023-12-08 08:18:27,966 p=23669 u=ubuntu n=ansible | TASK [Start & Enable Memcache] ***********************************************************************************************************************************************************************************
2023-12-08 08:18:28,480 p=23669 u=ubuntu n=ansible | ok: [mc01]
2023-12-08 08:18:28,489 p=23669 u=ubuntu n=ansible | TASK [Enable remote login to memecache] **************************************************************************************************************************************************************************
2023-12-08 08:18:28,796 p=23669 u=ubuntu n=ansible | changed: [mc01]
2023-12-08 08:18:28,806 p=23669 u=ubuntu n=ansible | RUNNING HANDLER [Restart memcached] ******************************************************************************************************************************************************************************
2023-12-08 08:18:29,327 p=23669 u=ubuntu n=ansible | changed: [mc01]
2023-12-08 08:18:29,338 p=23669 u=ubuntu n=ansible | PLAY [Install & Setup RabbitMQ with user] ************************************************************************************************************************************************************************
2023-12-08 08:18:29,353 p=23669 u=ubuntu n=ansible | TASK [Install Erlang Repository Package] *************************************************************************************************************************************************************************
2023-12-08 08:18:32,898 p=23669 u=ubuntu n=ansible | changed: [rmq01]
2023-12-08 08:18:32,908 p=23669 u=ubuntu n=ansible | TASK [Add an Erlang Solution public Key] *************************************************************************************************************************************************************************
2023-12-08 08:18:33,894 p=23669 u=ubuntu n=ansible | ok: [rmq01]
2023-12-08 08:18:33,904 p=23669 u=ubuntu n=ansible | TASK [Install Erlang] ********************************************************************************************************************************************************************************************
2023-12-08 08:20:07,579 p=23669 u=ubuntu n=ansible | changed: [rmq01]
2023-12-08 08:20:07,589 p=23669 u=ubuntu n=ansible | TASK [Add an Apt signing key, uses whichever key is at the URL] **************************************************************************************************************************************************
2023-12-08 08:20:09,331 p=23669 u=ubuntu n=ansible | changed: [rmq01]
2023-12-08 08:20:09,342 p=23669 u=ubuntu n=ansible | TASK [apt_repository] ********************************************************************************************************************************************************************************************
2023-12-08 08:20:50,556 p=23669 u=ubuntu n=ansible | fatal: [rmq01]: FAILED! => {"changed": false, "msg": "Failed to update apt cache: E:The repository 'https://dl.bintray.com/rabbitmq/debian bionic Release' does not have a Release file."}
2023-12-08 08:20:50,557 p=23669 u=ubuntu n=ansible | PLAY RECAP *******************************************************************************************************************************************************************************************************
2023-12-08 08:20:50,557 p=23669 u=ubuntu n=ansible | app01                      : ok=3    changed=0    unreachable=0    failed=0    skipped=0    rescued=0    ignored=0   
2023-12-08 08:20:50,557 p=23669 u=ubuntu n=ansible | cntl                       : ok=3    changed=0    unreachable=0    failed=0    skipped=0    rescued=0    ignored=0   
2023-12-08 08:20:50,558 p=23669 u=ubuntu n=ansible | db01                       : ok=12   changed=8    unreachable=0    failed=0    skipped=0    rescued=0    ignored=0   
2023-12-08 08:20:50,558 p=23669 u=ubuntu n=ansible | localhost                  : ok=5    changed=0    unreachable=0    failed=0    skipped=1    rescued=0    ignored=0   
2023-12-08 08:20:50,558 p=23669 u=ubuntu n=ansible | mc01                       : ok=7    changed=3    unreachable=0    failed=0    skipped=0    rescued=0    ignored=0   
2023-12-08 08:20:50,558 p=23669 u=ubuntu n=ansible | rmq01                      : ok=7    changed=3    unreachable=0    failed=1    skipped=0    rescued=0    ignored=0   
2023-12-08 08:20:50,558 p=23669 u=ubuntu n=ansible | web01                      : ok=3    changed=0    unreachable=0    failed=0    skipped=0    rescued=0    ignored=0   
2023-12-08 08:52:35,117 p=25658 u=ubuntu n=ansible | PLAY [Generate artifact, copy artifact & sql file to files directory] ********************************************************************************************************************************************
2023-12-08 08:52:35,127 p=25658 u=ubuntu n=ansible | TASK [Gathering Facts] *******************************************************************************************************************************************************************************************
2023-12-08 08:52:36,407 p=25658 u=ubuntu n=ansible | ok: [localhost]
2023-12-08 08:52:36,422 p=25658 u=ubuntu n=ansible | TASK [Install  jdk, maven, git] **********************************************************************************************************************************************************************************
2023-12-08 08:52:39,282 p=25658 u=ubuntu n=ansible | ok: [localhost] => (item=git)
2023-12-08 08:52:41,884 p=25658 u=ubuntu n=ansible | ok: [localhost] => (item=openjdk-8-jdk)
2023-12-08 08:52:44,489 p=25658 u=ubuntu n=ansible | ok: [localhost] => (item=maven)
2023-12-08 08:52:44,501 p=25658 u=ubuntu n=ansible | TASK [Clone source code from github] *****************************************************************************************************************************************************************************
2023-12-08 08:52:45,272 p=25658 u=ubuntu n=ansible | ok: [localhost]
2023-12-08 08:52:45,283 p=25658 u=ubuntu n=ansible | TASK [mvn install command to build artifact] *********************************************************************************************************************************************************************
2023-12-08 08:52:45,298 p=25658 u=ubuntu n=ansible | skipping: [localhost]
2023-12-08 08:52:45,308 p=25658 u=ubuntu n=ansible | TASK [Copy artifacts to files directory] *************************************************************************************************************************************************************************
2023-12-08 08:52:46,274 p=25658 u=ubuntu n=ansible | ok: [localhost] => (item=/home/ubuntu/ansible-aws-vpc/provision-stack/Vprofile-repo/target/vprofile-v2.war)
2023-12-08 08:52:46,284 p=25658 u=ubuntu n=ansible | TASK [Copy SQL file to files directory] **************************************************************************************************************************************************************************
2023-12-08 08:52:46,762 p=25658 u=ubuntu n=ansible | ok: [localhost]
2023-12-08 08:52:46,779 p=25658 u=ubuntu n=ansible | PLAY [Set host to ip mapping in /etc/hosts file of all the instances in the stack] *******************************************************************************************************************************
2023-12-08 08:52:46,784 p=25658 u=ubuntu n=ansible | TASK [Gathering Facts] *******************************************************************************************************************************************************************************************
2023-12-08 08:52:48,425 p=25658 u=ubuntu n=ansible | ok: [cntl]
2023-12-08 08:52:48,530 p=25658 u=ubuntu n=ansible | ok: [web01]
2023-12-08 08:52:48,565 p=25658 u=ubuntu n=ansible | ok: [app01]
2023-12-08 08:52:49,002 p=25658 u=ubuntu n=ansible | ok: [mc01]
2023-12-08 08:52:49,194 p=25658 u=ubuntu n=ansible | ok: [rmq01]
2023-12-08 08:52:50,479 p=25658 u=ubuntu n=ansible | ok: [db01]
2023-12-08 08:52:50,494 p=25658 u=ubuntu n=ansible | TASK [Import VPC setup Variable] *********************************************************************************************************************************************************************************
2023-12-08 08:52:50,541 p=25658 u=ubuntu n=ansible | ok: [cntl]
2023-12-08 08:52:50,567 p=25658 u=ubuntu n=ansible | ok: [web01]
2023-12-08 08:52:50,587 p=25658 u=ubuntu n=ansible | ok: [app01]
2023-12-08 08:52:50,607 p=25658 u=ubuntu n=ansible | ok: [rmq01]
2023-12-08 08:52:50,611 p=25658 u=ubuntu n=ansible | ok: [mc01]
2023-12-08 08:52:50,618 p=25658 u=ubuntu n=ansible | ok: [db01]
2023-12-08 08:52:50,627 p=25658 u=ubuntu n=ansible | TASK [Update hosts file for all the hosts] ***********************************************************************************************************************************************************************
2023-12-08 08:52:51,495 p=25658 u=ubuntu n=ansible | ok: [mc01]
2023-12-08 08:52:51,503 p=25658 u=ubuntu n=ansible | ok: [rmq01]
2023-12-08 08:52:51,503 p=25658 u=ubuntu n=ansible | ok: [web01]
2023-12-08 08:52:51,503 p=25658 u=ubuntu n=ansible | ok: [app01]
2023-12-08 08:52:51,590 p=25658 u=ubuntu n=ansible | ok: [cntl]
2023-12-08 08:52:51,831 p=25658 u=ubuntu n=ansible | ok: [db01]
2023-12-08 08:52:51,848 p=25658 u=ubuntu n=ansible | PLAY [Setup Mysql with accounts db and remote login] *************************************************************************************************************************************************************
2023-12-08 08:52:51,864 p=25658 u=ubuntu n=ansible | TASK [Installing Mysql Service and dependencies] *****************************************************************************************************************************************************************
2023-12-08 08:52:53,010 p=25658 u=ubuntu n=ansible | ok: [db01] => (item=mysql-server)
2023-12-08 08:52:54,130 p=25658 u=ubuntu n=ansible | ok: [db01] => (item=mysql-client)
2023-12-08 08:52:55,264 p=25658 u=ubuntu n=ansible | ok: [db01] => (item=python-mysqldb)
2023-12-08 08:52:56,369 p=25658 u=ubuntu n=ansible | ok: [db01] => (item=python3-mysqldb)
2023-12-08 08:52:57,486 p=25658 u=ubuntu n=ansible | ok: [db01] => (item=libmysqlclient-dev)
2023-12-08 08:52:57,497 p=25658 u=ubuntu n=ansible | TASK [Start and enable mysql service] ****************************************************************************************************************************************************************************
2023-12-08 08:52:58,295 p=25658 u=ubuntu n=ansible | ok: [db01]
2023-12-08 08:52:58,305 p=25658 u=ubuntu n=ansible | TASK [creating mysql user] ***************************************************************************************************************************************************************************************
2023-12-08 08:52:58,822 p=25658 u=ubuntu n=ansible | ok: [db01]
2023-12-08 08:52:58,831 p=25658 u=ubuntu n=ansible | TASK [Creating accounts DB] **************************************************************************************************************************************************************************************
2023-12-08 08:52:59,311 p=25658 u=ubuntu n=ansible | ok: [db01]
2023-12-08 08:52:59,321 p=25658 u=ubuntu n=ansible | TASK [Enable remote login to mysql svc] **************************************************************************************************************************************************************************
2023-12-08 08:52:59,765 p=25658 u=ubuntu n=ansible | ok: [db01]
2023-12-08 08:52:59,782 p=25658 u=ubuntu n=ansible | PLAY [Deploy SQL file on accounts db] ****************************************************************************************************************************************************************************
2023-12-08 08:52:59,797 p=25658 u=ubuntu n=ansible | TASK [Copy SQL to dbsrv] *****************************************************************************************************************************************************************************************
2023-12-08 08:53:00,389 p=25658 u=ubuntu n=ansible | ok: [db01]
2023-12-08 08:53:00,398 p=25658 u=ubuntu n=ansible | TASK [Restoring DB] **********************************************************************************************************************************************************************************************
2023-12-08 08:53:00,827 p=25658 u=ubuntu n=ansible | changed: [db01]
2023-12-08 08:53:00,837 p=25658 u=ubuntu n=ansible | RUNNING HANDLER [Restart mysql] **********************************************************************************************************************************************************************************
2023-12-08 08:53:03,516 p=25658 u=ubuntu n=ansible | changed: [db01]
2023-12-08 08:53:03,527 p=25658 u=ubuntu n=ansible | PLAY [Install Memcache, Start & enable SVC] **********************************************************************************************************************************************************************
2023-12-08 08:53:03,542 p=25658 u=ubuntu n=ansible | TASK [Install Memcache] ******************************************************************************************************************************************************************************************
2023-12-08 08:53:04,748 p=25658 u=ubuntu n=ansible | ok: [mc01]
2023-12-08 08:53:04,757 p=25658 u=ubuntu n=ansible | TASK [Start & Enable Memcache] ***********************************************************************************************************************************************************************************
2023-12-08 08:53:05,239 p=25658 u=ubuntu n=ansible | ok: [mc01]
2023-12-08 08:53:05,248 p=25658 u=ubuntu n=ansible | TASK [Enable remote login to memecache] **************************************************************************************************************************************************************************
2023-12-08 08:53:05,548 p=25658 u=ubuntu n=ansible | ok: [mc01]
2023-12-08 08:53:05,566 p=25658 u=ubuntu n=ansible | PLAY [Install & Setup RabbitMQ with user] ************************************************************************************************************************************************************************
2023-12-08 08:53:05,581 p=25658 u=ubuntu n=ansible | TASK [Install Erlang Repository Package] *************************************************************************************************************************************************************************
2023-12-08 08:53:09,804 p=25658 u=ubuntu n=ansible | ok: [rmq01]
2023-12-08 08:53:09,814 p=25658 u=ubuntu n=ansible | TASK [Add an Erlang Solution public Key] *************************************************************************************************************************************************************************
2023-12-08 08:53:10,697 p=25658 u=ubuntu n=ansible | ok: [rmq01]
2023-12-08 08:53:10,707 p=25658 u=ubuntu n=ansible | TASK [Install Erlang] ********************************************************************************************************************************************************************************************
2023-12-08 08:53:11,888 p=25658 u=ubuntu n=ansible | ok: [rmq01]
2023-12-08 08:53:11,897 p=25658 u=ubuntu n=ansible | TASK [Add an Apt signing key, uses whichever key is at the URL] **************************************************************************************************************************************************
2023-12-08 08:53:12,740 p=25658 u=ubuntu n=ansible | ok: [rmq01]
2023-12-08 08:53:12,750 p=25658 u=ubuntu n=ansible | TASK [apt_repository] ********************************************************************************************************************************************************************************************
2023-12-08 08:53:52,811 p=25658 u=ubuntu n=ansible | fatal: [rmq01]: FAILED! => {"changed": false, "msg": "Failed to update apt cache: E:The repository 'https://dl.bintray.com/rabbitmq/debian bionic Release' does not have a Release file."}
2023-12-08 08:53:52,813 p=25658 u=ubuntu n=ansible | PLAY RECAP *******************************************************************************************************************************************************************************************************
2023-12-08 08:53:52,814 p=25658 u=ubuntu n=ansible | app01                      : ok=3    changed=0    unreachable=0    failed=0    skipped=0    rescued=0    ignored=0   
2023-12-08 08:53:52,814 p=25658 u=ubuntu n=ansible | cntl                       : ok=3    changed=0    unreachable=0    failed=0    skipped=0    rescued=0    ignored=0   
2023-12-08 08:53:52,814 p=25658 u=ubuntu n=ansible | db01                       : ok=11   changed=2    unreachable=0    failed=0    skipped=0    rescued=0    ignored=0   
2023-12-08 08:53:52,814 p=25658 u=ubuntu n=ansible | localhost                  : ok=5    changed=0    unreachable=0    failed=0    skipped=1    rescued=0    ignored=0   
2023-12-08 08:53:52,815 p=25658 u=ubuntu n=ansible | mc01                       : ok=6    changed=0    unreachable=0    failed=0    skipped=0    rescued=0    ignored=0   
2023-12-08 08:53:52,815 p=25658 u=ubuntu n=ansible | rmq01                      : ok=7    changed=0    unreachable=0    failed=1    skipped=0    rescued=0    ignored=0   
2023-12-08 08:53:52,815 p=25658 u=ubuntu n=ansible | web01                      : ok=3    changed=0    unreachable=0    failed=0    skipped=0    rescued=0    ignored=0   
2023-12-08 09:27:20,073 p=27637 u=ubuntu n=ansible | PLAY [Generate artifact, copy artifact & sql file to files directory] ********************************************************************************************************************************************
2023-12-08 09:27:20,082 p=27637 u=ubuntu n=ansible | TASK [Gathering Facts] *******************************************************************************************************************************************************************************************
2023-12-08 09:27:21,378 p=27637 u=ubuntu n=ansible | ok: [localhost]
2023-12-08 09:27:21,393 p=27637 u=ubuntu n=ansible | TASK [Install  jdk, maven, git] **********************************************************************************************************************************************************************************
2023-12-08 09:27:29,418 p=27637 u=ubuntu n=ansible | ok: [localhost] => (item=git)
2023-12-08 09:27:32,074 p=27637 u=ubuntu n=ansible | ok: [localhost] => (item=openjdk-8-jdk)
2023-12-08 09:27:34,638 p=27637 u=ubuntu n=ansible | ok: [localhost] => (item=maven)
2023-12-08 09:27:34,650 p=27637 u=ubuntu n=ansible | TASK [Clone source code from github] *****************************************************************************************************************************************************************************
2023-12-08 09:27:35,418 p=27637 u=ubuntu n=ansible | ok: [localhost]
2023-12-08 09:27:35,428 p=27637 u=ubuntu n=ansible | TASK [mvn install command to build artifact] *********************************************************************************************************************************************************************
2023-12-08 09:27:35,443 p=27637 u=ubuntu n=ansible | skipping: [localhost]
2023-12-08 09:27:35,453 p=27637 u=ubuntu n=ansible | TASK [Copy artifacts to files directory] *************************************************************************************************************************************************************************
2023-12-08 09:27:36,644 p=27637 u=ubuntu n=ansible | ok: [localhost] => (item=/home/ubuntu/ansible-aws-vpc/provision-stack/Vprofile-repo/target/vprofile-v2.war)
2023-12-08 09:27:36,654 p=27637 u=ubuntu n=ansible | TASK [Copy SQL file to files directory] **************************************************************************************************************************************************************************
2023-12-08 09:27:37,108 p=27637 u=ubuntu n=ansible | ok: [localhost]
2023-12-08 09:27:37,125 p=27637 u=ubuntu n=ansible | PLAY [Set host to ip mapping in /etc/hosts file of all the instances in the stack] *******************************************************************************************************************************
2023-12-08 09:27:37,130 p=27637 u=ubuntu n=ansible | TASK [Gathering Facts] *******************************************************************************************************************************************************************************************
2023-12-08 09:27:38,840 p=27637 u=ubuntu n=ansible | ok: [cntl]
2023-12-08 09:27:38,925 p=27637 u=ubuntu n=ansible | ok: [web01]
2023-12-08 09:27:39,014 p=27637 u=ubuntu n=ansible | ok: [app01]
2023-12-08 09:27:39,045 p=27637 u=ubuntu n=ansible | ok: [mc01]
2023-12-08 09:27:39,154 p=27637 u=ubuntu n=ansible | ok: [rmq01]
2023-12-08 09:27:40,349 p=27637 u=ubuntu n=ansible | ok: [db01]
2023-12-08 09:27:40,365 p=27637 u=ubuntu n=ansible | TASK [Import VPC setup Variable] *********************************************************************************************************************************************************************************
2023-12-08 09:27:40,418 p=27637 u=ubuntu n=ansible | ok: [cntl]
2023-12-08 09:27:40,443 p=27637 u=ubuntu n=ansible | ok: [web01]
2023-12-08 09:27:40,463 p=27637 u=ubuntu n=ansible | ok: [app01]
2023-12-08 09:27:40,487 p=27637 u=ubuntu n=ansible | ok: [rmq01]
2023-12-08 09:27:40,487 p=27637 u=ubuntu n=ansible | ok: [mc01]
2023-12-08 09:27:40,495 p=27637 u=ubuntu n=ansible | ok: [db01]
2023-12-08 09:27:40,504 p=27637 u=ubuntu n=ansible | TASK [Update hosts file for all the hosts] ***********************************************************************************************************************************************************************
2023-12-08 09:27:41,423 p=27637 u=ubuntu n=ansible | ok: [mc01]
2023-12-08 09:27:41,424 p=27637 u=ubuntu n=ansible | ok: [rmq01]
2023-12-08 09:27:41,424 p=27637 u=ubuntu n=ansible | ok: [web01]
2023-12-08 09:27:41,424 p=27637 u=ubuntu n=ansible | ok: [app01]
2023-12-08 09:27:41,481 p=27637 u=ubuntu n=ansible | ok: [cntl]
2023-12-08 09:27:41,751 p=27637 u=ubuntu n=ansible | ok: [db01]
2023-12-08 09:27:41,770 p=27637 u=ubuntu n=ansible | PLAY [Setup Mysql with accounts db and remote login] *************************************************************************************************************************************************************
2023-12-08 09:27:41,786 p=27637 u=ubuntu n=ansible | TASK [Installing Mysql Service and dependencies] *****************************************************************************************************************************************************************
2023-12-08 09:27:42,942 p=27637 u=ubuntu n=ansible | ok: [db01] => (item=mysql-server)
2023-12-08 09:27:44,070 p=27637 u=ubuntu n=ansible | ok: [db01] => (item=mysql-client)
2023-12-08 09:27:45,193 p=27637 u=ubuntu n=ansible | ok: [db01] => (item=python-mysqldb)
2023-12-08 09:27:46,301 p=27637 u=ubuntu n=ansible | ok: [db01] => (item=python3-mysqldb)
2023-12-08 09:27:47,414 p=27637 u=ubuntu n=ansible | ok: [db01] => (item=libmysqlclient-dev)
2023-12-08 09:27:47,425 p=27637 u=ubuntu n=ansible | TASK [Start and enable mysql service] ****************************************************************************************************************************************************************************
2023-12-08 09:27:48,233 p=27637 u=ubuntu n=ansible | ok: [db01]
2023-12-08 09:27:48,243 p=27637 u=ubuntu n=ansible | TASK [creating mysql user] ***************************************************************************************************************************************************************************************
2023-12-08 09:27:48,755 p=27637 u=ubuntu n=ansible | ok: [db01]
2023-12-08 09:27:48,765 p=27637 u=ubuntu n=ansible | TASK [Creating accounts DB] **************************************************************************************************************************************************************************************
2023-12-08 09:27:49,250 p=27637 u=ubuntu n=ansible | ok: [db01]
2023-12-08 09:27:49,259 p=27637 u=ubuntu n=ansible | TASK [Enable remote login to mysql svc] **************************************************************************************************************************************************************************
2023-12-08 09:27:49,709 p=27637 u=ubuntu n=ansible | ok: [db01]
2023-12-08 09:27:49,727 p=27637 u=ubuntu n=ansible | PLAY [Deploy SQL file on accounts db] ****************************************************************************************************************************************************************************
2023-12-08 09:27:49,741 p=27637 u=ubuntu n=ansible | TASK [Copy SQL to dbsrv] *****************************************************************************************************************************************************************************************
2023-12-08 09:27:50,298 p=27637 u=ubuntu n=ansible | ok: [db01]
2023-12-08 09:27:50,308 p=27637 u=ubuntu n=ansible | TASK [Restoring DB] **********************************************************************************************************************************************************************************************
2023-12-08 09:27:50,748 p=27637 u=ubuntu n=ansible | changed: [db01]
2023-12-08 09:27:50,758 p=27637 u=ubuntu n=ansible | RUNNING HANDLER [Restart mysql] **********************************************************************************************************************************************************************************
2023-12-08 09:27:53,129 p=27637 u=ubuntu n=ansible | changed: [db01]
2023-12-08 09:27:53,140 p=27637 u=ubuntu n=ansible | PLAY [Install Memcache, Start & enable SVC] **********************************************************************************************************************************************************************
2023-12-08 09:27:53,154 p=27637 u=ubuntu n=ansible | TASK [Install Memcache] ******************************************************************************************************************************************************************************************
2023-12-08 09:27:54,287 p=27637 u=ubuntu n=ansible | ok: [mc01]
2023-12-08 09:27:54,296 p=27637 u=ubuntu n=ansible | TASK [Start & Enable Memcache] ***********************************************************************************************************************************************************************************
2023-12-08 09:27:54,768 p=27637 u=ubuntu n=ansible | ok: [mc01]
2023-12-08 09:27:54,778 p=27637 u=ubuntu n=ansible | TASK [Enable remote login to memecache] **************************************************************************************************************************************************************************
2023-12-08 09:27:55,079 p=27637 u=ubuntu n=ansible | ok: [mc01]
2023-12-08 09:27:55,096 p=27637 u=ubuntu n=ansible | PLAY [Install & Setup RabbitMQ with user] ************************************************************************************************************************************************************************
2023-12-08 09:27:55,110 p=27637 u=ubuntu n=ansible | TASK [Install Erlang Repository Package] *************************************************************************************************************************************************************************
2023-12-08 09:27:59,790 p=27637 u=ubuntu n=ansible | ok: [rmq01]
2023-12-08 09:27:59,799 p=27637 u=ubuntu n=ansible | TASK [Add an Erlang Solution public Key] *************************************************************************************************************************************************************************
2023-12-08 09:28:00,786 p=27637 u=ubuntu n=ansible | ok: [rmq01]
2023-12-08 09:28:00,796 p=27637 u=ubuntu n=ansible | TASK [Install Erlang] ********************************************************************************************************************************************************************************************
2023-12-08 09:28:01,996 p=27637 u=ubuntu n=ansible | ok: [rmq01]
2023-12-08 09:28:02,009 p=27637 u=ubuntu n=ansible | TASK [Add an Apt signing key, uses whichever key is at the URL] **************************************************************************************************************************************************
2023-12-08 09:28:02,889 p=27637 u=ubuntu n=ansible | ok: [rmq01]
2023-12-08 09:28:02,899 p=27637 u=ubuntu n=ansible | TASK [apt_repository] ********************************************************************************************************************************************************************************************
2023-12-08 09:28:48,371 p=27637 u=ubuntu n=ansible | fatal: [rmq01]: FAILED! => {"changed": false, "msg": "Failed to update apt cache: W:GPG error: https://ppa1.novemberain.com/rabbitmq/rabbitmq-server/deb/ubuntu jammy InRelease: The following signatures couldn't be verified because the public key is not available: NO_PUBKEY 9F4587F226208342, E:The repository 'https://ppa1.novemberain.com/rabbitmq/rabbitmq-server/deb/ubuntu jammy InRelease' is not signed."}
2023-12-08 09:28:48,372 p=27637 u=ubuntu n=ansible | PLAY RECAP *******************************************************************************************************************************************************************************************************
2023-12-08 09:28:48,373 p=27637 u=ubuntu n=ansible | app01                      : ok=3    changed=0    unreachable=0    failed=0    skipped=0    rescued=0    ignored=0   
2023-12-08 09:28:48,373 p=27637 u=ubuntu n=ansible | cntl                       : ok=3    changed=0    unreachable=0    failed=0    skipped=0    rescued=0    ignored=0   
2023-12-08 09:28:48,373 p=27637 u=ubuntu n=ansible | db01                       : ok=11   changed=2    unreachable=0    failed=0    skipped=0    rescued=0    ignored=0   
2023-12-08 09:28:48,373 p=27637 u=ubuntu n=ansible | localhost                  : ok=5    changed=0    unreachable=0    failed=0    skipped=1    rescued=0    ignored=0   
2023-12-08 09:28:48,373 p=27637 u=ubuntu n=ansible | mc01                       : ok=6    changed=0    unreachable=0    failed=0    skipped=0    rescued=0    ignored=0   
2023-12-08 09:28:48,374 p=27637 u=ubuntu n=ansible | rmq01                      : ok=7    changed=0    unreachable=0    failed=1    skipped=0    rescued=0    ignored=0   
2023-12-08 09:28:48,374 p=27637 u=ubuntu n=ansible | web01                      : ok=3    changed=0    unreachable=0    failed=0    skipped=0    rescued=0    ignored=0   
2023-12-08 09:30:12,832 p=29518 u=ubuntu n=ansible | PLAY [Generate artifact, copy artifact & sql file to files directory] ********************************************************************************************************************************************
2023-12-08 09:30:12,841 p=29518 u=ubuntu n=ansible | TASK [Gathering Facts] *******************************************************************************************************************************************************************************************
2023-12-08 09:30:14,142 p=29518 u=ubuntu n=ansible | ok: [localhost]
2023-12-08 09:30:14,158 p=29518 u=ubuntu n=ansible | TASK [Install  jdk, maven, git] **********************************************************************************************************************************************************************************
2023-12-08 09:30:16,871 p=29518 u=ubuntu n=ansible | ok: [localhost] => (item=git)
2023-12-08 09:30:19,431 p=29518 u=ubuntu n=ansible | ok: [localhost] => (item=openjdk-8-jdk)
2023-12-08 09:30:22,109 p=29518 u=ubuntu n=ansible | ok: [localhost] => (item=maven)
2023-12-08 09:30:22,121 p=29518 u=ubuntu n=ansible | TASK [Clone source code from github] *****************************************************************************************************************************************************************************
2023-12-08 09:30:22,873 p=29518 u=ubuntu n=ansible | ok: [localhost]
2023-12-08 09:30:22,883 p=29518 u=ubuntu n=ansible | TASK [mvn install command to build artifact] *********************************************************************************************************************************************************************
2023-12-08 09:30:22,898 p=29518 u=ubuntu n=ansible | skipping: [localhost]
2023-12-08 09:30:22,909 p=29518 u=ubuntu n=ansible | TASK [Copy artifacts to files directory] *************************************************************************************************************************************************************************
2023-12-08 09:30:23,851 p=29518 u=ubuntu n=ansible | ok: [localhost] => (item=/home/ubuntu/ansible-aws-vpc/provision-stack/Vprofile-repo/target/vprofile-v2.war)
2023-12-08 09:30:23,861 p=29518 u=ubuntu n=ansible | TASK [Copy SQL file to files directory] **************************************************************************************************************************************************************************
2023-12-08 09:30:24,322 p=29518 u=ubuntu n=ansible | ok: [localhost]
2023-12-08 09:30:24,339 p=29518 u=ubuntu n=ansible | PLAY [Set host to ip mapping in /etc/hosts file of all the instances in the stack] *******************************************************************************************************************************
2023-12-08 09:30:24,343 p=29518 u=ubuntu n=ansible | TASK [Gathering Facts] *******************************************************************************************************************************************************************************************
2023-12-08 09:30:26,105 p=29518 u=ubuntu n=ansible | ok: [cntl]
2023-12-08 09:30:26,253 p=29518 u=ubuntu n=ansible | ok: [app01]
2023-12-08 09:30:26,259 p=29518 u=ubuntu n=ansible | ok: [web01]
2023-12-08 09:30:26,289 p=29518 u=ubuntu n=ansible | ok: [mc01]
2023-12-08 09:30:26,409 p=29518 u=ubuntu n=ansible | ok: [rmq01]
2023-12-08 09:30:27,609 p=29518 u=ubuntu n=ansible | ok: [db01]
2023-12-08 09:30:27,625 p=29518 u=ubuntu n=ansible | TASK [Import VPC setup Variable] *********************************************************************************************************************************************************************************
2023-12-08 09:30:27,675 p=29518 u=ubuntu n=ansible | ok: [cntl]
2023-12-08 09:30:27,699 p=29518 u=ubuntu n=ansible | ok: [web01]
2023-12-08 09:30:27,720 p=29518 u=ubuntu n=ansible | ok: [app01]
2023-12-08 09:30:27,743 p=29518 u=ubuntu n=ansible | ok: [rmq01]
2023-12-08 09:30:27,747 p=29518 u=ubuntu n=ansible | ok: [mc01]
2023-12-08 09:30:27,753 p=29518 u=ubuntu n=ansible | ok: [db01]
2023-12-08 09:30:27,762 p=29518 u=ubuntu n=ansible | TASK [Update hosts file for all the hosts] ***********************************************************************************************************************************************************************
2023-12-08 09:30:28,655 p=29518 u=ubuntu n=ansible | ok: [rmq01]
2023-12-08 09:30:28,655 p=29518 u=ubuntu n=ansible | ok: [app01]
2023-12-08 09:30:28,656 p=29518 u=ubuntu n=ansible | ok: [web01]
2023-12-08 09:30:28,656 p=29518 u=ubuntu n=ansible | ok: [mc01]
2023-12-08 09:30:28,702 p=29518 u=ubuntu n=ansible | ok: [cntl]
2023-12-08 09:30:28,967 p=29518 u=ubuntu n=ansible | ok: [db01]
2023-12-08 09:30:28,985 p=29518 u=ubuntu n=ansible | PLAY [Setup Mysql with accounts db and remote login] *************************************************************************************************************************************************************
2023-12-08 09:30:29,001 p=29518 u=ubuntu n=ansible | TASK [Installing Mysql Service and dependencies] *****************************************************************************************************************************************************************
2023-12-08 09:30:30,160 p=29518 u=ubuntu n=ansible | ok: [db01] => (item=mysql-server)
2023-12-08 09:30:31,283 p=29518 u=ubuntu n=ansible | ok: [db01] => (item=mysql-client)
2023-12-08 09:30:32,397 p=29518 u=ubuntu n=ansible | ok: [db01] => (item=python-mysqldb)
2023-12-08 09:30:33,506 p=29518 u=ubuntu n=ansible | ok: [db01] => (item=python3-mysqldb)
2023-12-08 09:30:34,623 p=29518 u=ubuntu n=ansible | ok: [db01] => (item=libmysqlclient-dev)
2023-12-08 09:30:34,633 p=29518 u=ubuntu n=ansible | TASK [Start and enable mysql service] ****************************************************************************************************************************************************************************
2023-12-08 09:30:35,417 p=29518 u=ubuntu n=ansible | ok: [db01]
2023-12-08 09:30:35,427 p=29518 u=ubuntu n=ansible | TASK [creating mysql user] ***************************************************************************************************************************************************************************************
2023-12-08 09:30:35,951 p=29518 u=ubuntu n=ansible | ok: [db01]
2023-12-08 09:30:35,961 p=29518 u=ubuntu n=ansible | TASK [Creating accounts DB] **************************************************************************************************************************************************************************************
2023-12-08 09:30:36,460 p=29518 u=ubuntu n=ansible | ok: [db01]
2023-12-08 09:30:36,470 p=29518 u=ubuntu n=ansible | TASK [Enable remote login to mysql svc] **************************************************************************************************************************************************************************
2023-12-08 09:30:36,932 p=29518 u=ubuntu n=ansible | ok: [db01]
2023-12-08 09:30:36,950 p=29518 u=ubuntu n=ansible | PLAY [Deploy SQL file on accounts db] ****************************************************************************************************************************************************************************
2023-12-08 09:30:36,964 p=29518 u=ubuntu n=ansible | TASK [Copy SQL to dbsrv] *****************************************************************************************************************************************************************************************
2023-12-08 09:30:37,524 p=29518 u=ubuntu n=ansible | ok: [db01]
2023-12-08 09:30:37,533 p=29518 u=ubuntu n=ansible | TASK [Restoring DB] **********************************************************************************************************************************************************************************************
2023-12-08 09:30:37,961 p=29518 u=ubuntu n=ansible | changed: [db01]
2023-12-08 09:30:37,970 p=29518 u=ubuntu n=ansible | RUNNING HANDLER [Restart mysql] **********************************************************************************************************************************************************************************
2023-12-08 09:30:40,442 p=29518 u=ubuntu n=ansible | changed: [db01]
2023-12-08 09:30:40,454 p=29518 u=ubuntu n=ansible | PLAY [Install Memcache, Start & enable SVC] **********************************************************************************************************************************************************************
2023-12-08 09:30:40,468 p=29518 u=ubuntu n=ansible | TASK [Install Memcache] ******************************************************************************************************************************************************************************************
2023-12-08 09:30:41,631 p=29518 u=ubuntu n=ansible | ok: [mc01]
2023-12-08 09:30:41,639 p=29518 u=ubuntu n=ansible | TASK [Start & Enable Memcache] ***********************************************************************************************************************************************************************************
2023-12-08 09:30:42,111 p=29518 u=ubuntu n=ansible | ok: [mc01]
2023-12-08 09:30:42,121 p=29518 u=ubuntu n=ansible | TASK [Enable remote login to memecache] **************************************************************************************************************************************************************************
2023-12-08 09:30:42,429 p=29518 u=ubuntu n=ansible | ok: [mc01]
2023-12-08 09:30:42,446 p=29518 u=ubuntu n=ansible | PLAY [Install & Setup RabbitMQ with user] ************************************************************************************************************************************************************************
2023-12-08 09:30:42,460 p=29518 u=ubuntu n=ansible | TASK [Install Erlang Repository Package] *************************************************************************************************************************************************************************
2023-12-08 09:30:46,848 p=29518 u=ubuntu n=ansible | ok: [rmq01]
2023-12-08 09:30:46,858 p=29518 u=ubuntu n=ansible | TASK [Add an Erlang Solution public Key] *************************************************************************************************************************************************************************
2023-12-08 09:30:47,721 p=29518 u=ubuntu n=ansible | ok: [rmq01]
2023-12-08 09:30:47,731 p=29518 u=ubuntu n=ansible | TASK [Install Erlang] ********************************************************************************************************************************************************************************************
2023-12-08 09:30:48,915 p=29518 u=ubuntu n=ansible | ok: [rmq01]
2023-12-08 09:30:48,925 p=29518 u=ubuntu n=ansible | TASK [Add an Apt signing key, uses whichever key is at the URL] **************************************************************************************************************************************************
2023-12-08 09:30:49,758 p=29518 u=ubuntu n=ansible | ok: [rmq01]
2023-12-08 09:30:49,768 p=29518 u=ubuntu n=ansible | TASK [apt_repository] ********************************************************************************************************************************************************************************************
2023-12-08 09:31:33,620 p=29518 u=ubuntu n=ansible | fatal: [rmq01]: FAILED! => {"changed": false, "msg": "Failed to update apt cache: W:GPG error: https://ppa1.novemberain.com/rabbitmq/rabbitmq-server/deb/ubuntu jammy InRelease: The following signatures couldn't be verified because the public key is not available: NO_PUBKEY 9F4587F226208342, E:The repository 'https://ppa1.novemberain.com/rabbitmq/rabbitmq-server/deb/ubuntu jammy InRelease' is not signed."}
2023-12-08 09:31:33,621 p=29518 u=ubuntu n=ansible | PLAY RECAP *******************************************************************************************************************************************************************************************************
2023-12-08 09:31:33,621 p=29518 u=ubuntu n=ansible | app01                      : ok=3    changed=0    unreachable=0    failed=0    skipped=0    rescued=0    ignored=0   
2023-12-08 09:31:33,622 p=29518 u=ubuntu n=ansible | cntl                       : ok=3    changed=0    unreachable=0    failed=0    skipped=0    rescued=0    ignored=0   
2023-12-08 09:31:33,622 p=29518 u=ubuntu n=ansible | db01                       : ok=11   changed=2    unreachable=0    failed=0    skipped=0    rescued=0    ignored=0   
2023-12-08 09:31:33,622 p=29518 u=ubuntu n=ansible | localhost                  : ok=5    changed=0    unreachable=0    failed=0    skipped=1    rescued=0    ignored=0   
2023-12-08 09:31:33,622 p=29518 u=ubuntu n=ansible | mc01                       : ok=6    changed=0    unreachable=0    failed=0    skipped=0    rescued=0    ignored=0   
2023-12-08 09:31:33,622 p=29518 u=ubuntu n=ansible | rmq01                      : ok=7    changed=0    unreachable=0    failed=1    skipped=0    rescued=0    ignored=0   
2023-12-08 09:31:33,623 p=29518 u=ubuntu n=ansible | web01                      : ok=3    changed=0    unreachable=0    failed=0    skipped=0    rescued=0    ignored=0   
2023-12-11 05:36:28,057 p=1509 u=ubuntu n=ansible | PLAY [Generate artifact, copy artifact & sql file to files directory] ********************************************************************************************************************************************
2023-12-11 05:36:28,068 p=1509 u=ubuntu n=ansible | TASK [Gathering Facts] *******************************************************************************************************************************************************************************************
2023-12-11 05:36:29,431 p=1509 u=ubuntu n=ansible | ok: [localhost]
2023-12-11 05:36:29,446 p=1509 u=ubuntu n=ansible | TASK [Install  jdk, maven, git] **********************************************************************************************************************************************************************************
2023-12-11 05:36:39,056 p=1509 u=ubuntu n=ansible | ok: [localhost] => (item=git)
2023-12-11 05:36:41,726 p=1509 u=ubuntu n=ansible | ok: [localhost] => (item=openjdk-8-jdk)
2023-12-11 05:36:44,289 p=1509 u=ubuntu n=ansible | ok: [localhost] => (item=maven)
2023-12-11 05:36:44,301 p=1509 u=ubuntu n=ansible | TASK [Clone source code from github] *****************************************************************************************************************************************************************************
2023-12-11 05:36:45,171 p=1509 u=ubuntu n=ansible | ok: [localhost]
2023-12-11 05:36:45,181 p=1509 u=ubuntu n=ansible | TASK [mvn install command to build artifact] *********************************************************************************************************************************************************************
2023-12-11 05:36:45,196 p=1509 u=ubuntu n=ansible | skipping: [localhost]
2023-12-11 05:36:45,206 p=1509 u=ubuntu n=ansible | TASK [Copy artifacts to files directory] *************************************************************************************************************************************************************************
2023-12-11 05:36:46,693 p=1509 u=ubuntu n=ansible | ok: [localhost] => (item=/home/ubuntu/ansible-aws-vpc/provision-stack/Vprofile-repo/target/vprofile-v2.war)
2023-12-11 05:36:46,703 p=1509 u=ubuntu n=ansible | TASK [Copy SQL file to files directory] **************************************************************************************************************************************************************************
2023-12-11 05:36:47,175 p=1509 u=ubuntu n=ansible | ok: [localhost]
2023-12-11 05:36:47,192 p=1509 u=ubuntu n=ansible | PLAY [Set host to ip mapping in /etc/hosts file of all the instances in the stack] *******************************************************************************************************************************
2023-12-11 05:36:47,196 p=1509 u=ubuntu n=ansible | TASK [Gathering Facts] *******************************************************************************************************************************************************************************************
2023-12-11 05:36:48,712 p=1509 u=ubuntu n=ansible | ok: [cntl]
2023-12-11 05:36:49,338 p=1509 u=ubuntu n=ansible | ok: [web01]
2023-12-11 05:36:49,575 p=1509 u=ubuntu n=ansible | ok: [app01]
2023-12-11 05:36:49,956 p=1509 u=ubuntu n=ansible | ok: [mc01]
2023-12-11 05:36:49,991 p=1509 u=ubuntu n=ansible | ok: [rmq01]
2023-12-11 05:36:51,501 p=1509 u=ubuntu n=ansible | ok: [db01]
2023-12-11 05:36:51,519 p=1509 u=ubuntu n=ansible | TASK [Import VPC setup Variable] *********************************************************************************************************************************************************************************
2023-12-11 05:36:51,567 p=1509 u=ubuntu n=ansible | ok: [cntl]
2023-12-11 05:36:51,589 p=1509 u=ubuntu n=ansible | ok: [web01]
2023-12-11 05:36:51,613 p=1509 u=ubuntu n=ansible | ok: [app01]
2023-12-11 05:36:51,659 p=1509 u=ubuntu n=ansible | ok: [rmq01]
2023-12-11 05:36:51,663 p=1509 u=ubuntu n=ansible | ok: [mc01]
2023-12-11 05:36:51,671 p=1509 u=ubuntu n=ansible | ok: [db01]
2023-12-11 05:36:51,681 p=1509 u=ubuntu n=ansible | TASK [Update hosts file for all the hosts] ***********************************************************************************************************************************************************************
2023-12-11 05:36:52,504 p=1509 u=ubuntu n=ansible | ok: [web01]
2023-12-11 05:36:52,511 p=1509 u=ubuntu n=ansible | ok: [rmq01]
2023-12-11 05:36:52,512 p=1509 u=ubuntu n=ansible | ok: [mc01]
2023-12-11 05:36:52,512 p=1509 u=ubuntu n=ansible | ok: [app01]
2023-12-11 05:36:52,573 p=1509 u=ubuntu n=ansible | ok: [cntl]
2023-12-11 05:36:52,830 p=1509 u=ubuntu n=ansible | ok: [db01]
2023-12-11 05:36:52,848 p=1509 u=ubuntu n=ansible | PLAY [Setup Mysql with accounts db and remote login] *************************************************************************************************************************************************************
2023-12-11 05:36:52,864 p=1509 u=ubuntu n=ansible | TASK [Installing Mysql Service and dependencies] *****************************************************************************************************************************************************************
2023-12-11 05:40:00,780 p=1509 u=ubuntu n=ansible | failed: [db01] (item=mysql-server) => {"ansible_loop_var": "item", "changed": false, "item": "mysql-server", "msg": "Failed to update apt cache: unknown reason"}
2023-12-11 05:43:10,204 p=1509 u=ubuntu n=ansible | failed: [db01] (item=mysql-client) => {"ansible_loop_var": "item", "changed": false, "item": "mysql-client", "msg": "Failed to update apt cache: unknown reason"}
2023-12-11 05:46:20,014 p=1509 u=ubuntu n=ansible | failed: [db01] (item=python-mysqldb) => {"ansible_loop_var": "item", "changed": false, "item": "python-mysqldb", "msg": "Failed to update apt cache: unknown reason"}
2023-12-11 05:49:27,525 p=1509 u=ubuntu n=ansible | failed: [db01] (item=python3-mysqldb) => {"ansible_loop_var": "item", "changed": false, "item": "python3-mysqldb", "msg": "Failed to update apt cache: unknown reason"}
2023-12-11 05:52:37,770 p=1509 u=ubuntu n=ansible | failed: [db01] (item=libmysqlclient-dev) => {"ansible_loop_var": "item", "changed": false, "item": "libmysqlclient-dev", "msg": "Failed to update apt cache: unknown reason"}
2023-12-11 05:52:37,771 p=1509 u=ubuntu n=ansible | ...ignoring
2023-12-11 05:52:37,781 p=1509 u=ubuntu n=ansible | TASK [Start and enable mysql service] ****************************************************************************************************************************************************************************
2023-12-11 05:52:38,624 p=1509 u=ubuntu n=ansible | ok: [db01]
2023-12-11 05:52:38,633 p=1509 u=ubuntu n=ansible | TASK [creating mysql user] ***************************************************************************************************************************************************************************************
2023-12-11 05:52:39,250 p=1509 u=ubuntu n=ansible | ok: [db01]
2023-12-11 05:52:39,260 p=1509 u=ubuntu n=ansible | TASK [Creating accounts DB] **************************************************************************************************************************************************************************************
2023-12-11 05:52:39,738 p=1509 u=ubuntu n=ansible | ok: [db01]
2023-12-11 05:52:39,747 p=1509 u=ubuntu n=ansible | TASK [Enable remote login to mysql svc] **************************************************************************************************************************************************************************
2023-12-11 05:52:40,207 p=1509 u=ubuntu n=ansible | ok: [db01]
2023-12-11 05:52:40,224 p=1509 u=ubuntu n=ansible | PLAY [Deploy SQL file on accounts db] ****************************************************************************************************************************************************************************
2023-12-11 05:52:40,237 p=1509 u=ubuntu n=ansible | TASK [Copy SQL to dbsrv] *****************************************************************************************************************************************************************************************
2023-12-11 05:52:40,973 p=1509 u=ubuntu n=ansible | changed: [db01]
2023-12-11 05:52:40,982 p=1509 u=ubuntu n=ansible | TASK [Restoring DB] **********************************************************************************************************************************************************************************************
2023-12-11 05:52:41,467 p=1509 u=ubuntu n=ansible | changed: [db01]
2023-12-11 05:52:41,477 p=1509 u=ubuntu n=ansible | RUNNING HANDLER [Restart mysql] **********************************************************************************************************************************************************************************
2023-12-11 05:52:44,054 p=1509 u=ubuntu n=ansible | changed: [db01]
2023-12-11 05:52:44,065 p=1509 u=ubuntu n=ansible | PLAY [Install Memcache, Start & enable SVC] **********************************************************************************************************************************************************************
2023-12-11 05:52:44,079 p=1509 u=ubuntu n=ansible | TASK [Install Memcache] ******************************************************************************************************************************************************************************************
2023-12-11 05:55:54,497 p=1509 u=ubuntu n=ansible | fatal: [mc01]: FAILED! => {"changed": false, "msg": "Failed to update apt cache: unknown reason"}
2023-12-11 05:55:54,498 p=1509 u=ubuntu n=ansible | PLAY RECAP *******************************************************************************************************************************************************************************************************
2023-12-11 05:55:54,498 p=1509 u=ubuntu n=ansible | app01                      : ok=3    changed=0    unreachable=0    failed=0    skipped=0    rescued=0    ignored=0   
2023-12-11 05:55:54,498 p=1509 u=ubuntu n=ansible | cntl                       : ok=3    changed=0    unreachable=0    failed=0    skipped=0    rescued=0    ignored=0   
2023-12-11 05:55:54,499 p=1509 u=ubuntu n=ansible | db01                       : ok=11   changed=3    unreachable=0    failed=0    skipped=0    rescued=0    ignored=1   
2023-12-11 05:55:54,499 p=1509 u=ubuntu n=ansible | localhost                  : ok=5    changed=0    unreachable=0    failed=0    skipped=1    rescued=0    ignored=0   
2023-12-11 05:55:54,499 p=1509 u=ubuntu n=ansible | mc01                       : ok=3    changed=0    unreachable=0    failed=1    skipped=0    rescued=0    ignored=0   
2023-12-11 05:55:54,499 p=1509 u=ubuntu n=ansible | rmq01                      : ok=3    changed=0    unreachable=0    failed=0    skipped=0    rescued=0    ignored=0   
2023-12-11 05:55:54,499 p=1509 u=ubuntu n=ansible | web01                      : ok=3    changed=0    unreachable=0    failed=0    skipped=0    rescued=0    ignored=0   
